2020-09-20 18:59:54,520 INFO o.s.b.StartupInfoLogger [restartedMain] Starting AuManagementSystemApplication on DESKTOP-55QOPH7 with PID 16468 (C:\Users\Abhishek Sen\GIT\AU_Management_System_backend\target\classes started by Abhishek Sen in C:\Users\Abhishek Sen\GIT\AU_Management_System_backend)
2020-09-20 18:59:54,653 INFO o.s.b.SpringApplication [restartedMain] No active profile set, falling back to default profiles: default
2020-09-20 18:59:54,813 INFO o.s.b.l.DeferredLog [restartedMain] Devtools property defaults active! Set 'spring.devtools.add-properties' to 'false' to disable
2020-09-20 18:59:54,816 INFO o.s.b.l.DeferredLog [restartedMain] For additional web related logging consider setting the 'logging.level.web' property to 'DEBUG'
2020-09-20 19:00:02,303 INFO o.s.d.r.c.RepositoryConfigurationDelegate [restartedMain] Bootstrapping Spring Data JDBC repositories in DEFAULT mode.
2020-09-20 19:00:02,459 INFO o.s.d.r.c.RepositoryConfigurationDelegate [restartedMain] Finished Spring Data repository scanning in 139ms. Found 0 JDBC repository interfaces.
2020-09-20 19:00:06,949 INFO o.s.b.w.e.t.TomcatWebServer [restartedMain] Tomcat initialized with port(s): 8081 (http)
2020-09-20 19:00:06,981 INFO o.a.j.l.DirectJDKLog [restartedMain] Initializing ProtocolHandler ["http-nio-8081"]
2020-09-20 19:00:06,984 INFO o.a.j.l.DirectJDKLog [restartedMain] Starting service [Tomcat]
2020-09-20 19:00:06,984 INFO o.a.j.l.DirectJDKLog [restartedMain] Starting Servlet engine: [Apache Tomcat/9.0.35]
2020-09-20 19:00:08,890 INFO o.a.j.l.DirectJDKLog [restartedMain] Initializing Spring embedded WebApplicationContext
2020-09-20 19:00:08,890 INFO o.s.b.w.s.c.ServletWebServerApplicationContext [restartedMain] Root WebApplicationContext: initialization completed in 14073 ms
2020-09-20 19:00:11,878 WARN o.s.d.r.w.h.HalBrowser [restartedMain] ---
2020-09-20 19:00:11,884 WARN o.s.d.r.w.h.HalBrowser [restartedMain] Spring Data REST HAL Browser is deprecated! Prefer the HAL Explorer (artifactId: spring-data-rest-hal-explorer)!
2020-09-20 19:00:11,885 WARN o.s.d.r.w.h.HalBrowser [restartedMain] ---
2020-09-20 19:00:16,263 INFO o.s.s.c.ExecutorConfigurationSupport [restartedMain] Initializing ExecutorService 'applicationTaskExecutor'
2020-09-20 19:00:17,928 WARN o.s.b.a.t.ThymeleafAutoConfiguration$DefaultTemplateResolverConfiguration [restartedMain] Cannot find template location: classpath:/templates/ (please add some templates or check your Thymeleaf configuration)
2020-09-20 19:00:20,140 INFO c.z.h.HikariDataSource [restartedMain] HikariPool-1 - Starting...
2020-09-20 19:00:22,365 INFO c.z.h.HikariDataSource [restartedMain] HikariPool-1 - Start completed.
2020-09-20 19:00:23,111 INFO o.s.b.d.a.OptionalLiveReloadServer [restartedMain] LiveReload server is running on port 35729
2020-09-20 19:00:23,162 INFO o.s.b.a.e.w.EndpointLinksResolver [restartedMain] Exposing 2 endpoint(s) beneath base path '/actuator'
2020-09-20 19:00:23,613 INFO o.a.j.l.DirectJDKLog [restartedMain] Starting ProtocolHandler ["http-nio-8081"]
2020-09-20 19:00:23,815 INFO o.s.b.w.e.t.TomcatWebServer [restartedMain] Tomcat started on port(s): 8081 (http) with context path ''
2020-09-20 19:00:23,913 INFO o.s.b.StartupInfoLogger [restartedMain] Started AuManagementSystemApplication in 30.917 seconds (JVM running for 36.004)
2020-09-20 19:00:26,284 INFO o.a.j.l.DirectJDKLog [RMI TCP Connection(3)-192.168.0.105] Initializing Spring DispatcherServlet 'dispatcherServlet'
2020-09-20 19:00:26,286 INFO o.s.w.s.FrameworkServlet [RMI TCP Connection(3)-192.168.0.105] Initializing Servlet 'dispatcherServlet'
2020-09-20 19:00:26,337 INFO o.s.w.s.FrameworkServlet [RMI TCP Connection(3)-192.168.0.105] Completed initialization in 51 ms
